<?xml version="1.0" encoding="UTF-8"?>
<!-- Generated by org.testng.reporters.JUnitReportReporter -->
<testsuite skipped="0" hostname="AKLSSINHA" name="com.qa.testcases.LoginPageTest" tests="3" failures="0" timestamp="2020-10-16T00:52:07 NZDT" time="10.749" errors="0">
  <testcase name="LogoisDisplayed" time="3.236" classname="com.qa.testcases.LoginPageTest"/>
  <system-out/>
  <testcase name="LoginPageTitleTest" time="3.399" classname="com.qa.testcases.LoginPageTest"/>
  <system-out/>
  <testcase name="LoginTest" time="4.114" classname="com.qa.testcases.LoginPageTest"/>
  <system-out/>
</testsuite> <!-- com.qa.testcases.LoginPageTest -->
