<?xml version="1.0" encoding="UTF-8"?>
<!-- Generated by org.testng.reporters.JUnitReportReporter -->
<testsuite skipped="0" hostname="AKLSSINHA" name="com.qa.testcases.HomePageTest" tests="5" failures="0" timestamp="2020-10-16T00:50:33 NZDT" time="25.680" errors="0">
  <testcase name="ValidateTextisDisplayed" time="4.183" classname="com.qa.testcases.HomePageTest"/>
  <system-out/>
  <testcase name="ValidateImageisDisplayed" time="3.668" classname="com.qa.testcases.HomePageTest"/>
  <system-out/>
  <testcase name="ValidateLabelisDisplayed" time="3.635" classname="com.qa.testcases.HomePageTest"/>
  <system-out/>
  <testcase name="ValidateUserisonEditProfilePage" time="7.451" classname="com.qa.testcases.HomePageTest"/>
  <system-out/>
  <testcase name="ValidateUserisLoggedOut" time="6.743" classname="com.qa.testcases.HomePageTest"/>
  <system-out/>
</testsuite> <!-- com.qa.testcases.HomePageTest -->
