<?xml version="1.0" encoding="UTF-8"?>
<!-- Generated by org.testng.reporters.JUnitReportReporter -->
<testsuite skipped="0" hostname="AKLSSINHA" name="com.qa.testcases.LoginPageTest" tests="3" failures="0" timestamp="2020-11-09T19:15:52 NZDT" time="12.217" errors="0">
  <testcase name="LogoisDisplayed" time="3.423" classname="com.qa.testcases.LoginPageTest"/>
  <system-out/>
  <testcase name="LoginPageTitleTest" time="3.285" classname="com.qa.testcases.LoginPageTest"/>
  <system-out/>
  <testcase name="LoginTest" time="5.509" classname="com.qa.testcases.LoginPageTest"/>
  <system-out/>
</testsuite> <!-- com.qa.testcases.LoginPageTest -->
