<?xml version="1.0" encoding="UTF-8"?>
<!-- Generated by org.testng.reporters.JUnitReportReporter -->
<testsuite skipped="0" hostname="AKLSSINHA" name="com.qa.testcases.EditProfilePageTest" tests="3" failures="0" timestamp="2020-10-16T00:47:45 NZDT" time="25.774" errors="0">
  <testcase name="VerifyTextisDisplayed" time="7.748" classname="com.qa.testcases.EditProfilePageTest"/>
  <system-out/>
  <testcase name="VerifyLogoisDisplayed" time="8.085" classname="com.qa.testcases.EditProfilePageTest"/>
  <system-out/>
  <testcase name="EditDetailsTest" time="9.941" classname="com.qa.testcases.EditProfilePageTest"/>
  <system-out/>
</testsuite> <!-- com.qa.testcases.EditProfilePageTest -->
